[Message:   BepInEx] BepInEx 5.4.21.0 - Lethal Company (12/1/2023 3:46:15 PM)
[Info   :   BepInEx] Running under Unity v2022.3.9.15351836
[Info   :   BepInEx] CLR runtime version: 4.0.30319.42000
[Info   :   BepInEx] Supports SRE: True
[Info   :   BepInEx] System platform: Bits64, Windows
[Message:   BepInEx] Preloader started
[Info   :   BepInEx] Loaded 1 patcher method from [BepInEx.Preloader 5.4.21.0]
[Info   :   BepInEx] Loaded 1 patcher method from [BepInEx.MonoMod.HookGenPatcher 1.2.1.0]
[Info   :   BepInEx] 2 patcher plugins loaded
[Info   :   Console] [MonoMod] 
[Info   :   Console] Reading input file into module.
[Info   :HookGenPatcher] Starting HookGenerator
[Info   :HookGenPatcher] Done.
[Info   :   Console] [MonoMod] 
[Info   :   Console] Reading input file into module.
[Info   :HookGenPatcher] Starting HookGenerator
[Info   :HookGenPatcher] Done.
[Info   :   Console] [MonoMod] 
[Info   :   Console] Reading input file into module.
[Info   :HookGenPatcher] Starting HookGenerator
[Info   :HookGenPatcher] Done.
[Info   :   Console] [MonoMod] 
[Info   :   Console] Reading input file into module.
[Info   :HookGenPatcher] Starting HookGenerator
[Info   :HookGenPatcher] Done.
[Info   :   Console] [MonoMod] 
[Info   :   Console] Reading input file into module.
[Info   :HookGenPatcher] Starting HookGenerator
[Info   :HookGenPatcher] Done.
[Info   :   Console] [MonoMod] 
[Info   :   Console] Reading input file into module.
[Info   :HookGenPatcher] Starting HookGenerator
[Info   :HookGenPatcher] Done.
[Info   :   BepInEx] Patching [UnityEngine.CoreModule] with [BepInEx.Chainloader]
[Message:   BepInEx] Preloader finished
[Message:   BepInEx] Chainloader ready
[Message:   BepInEx] Chainloader started
[Info   :   BepInEx] 24 plugins to load
[Warning:   BepInEx] Plugin [MoreEmotes-Sligili 1.3.3] targets a wrong version of BepInEx (5.4.22.0) and might not work until you update
[Warning:   BepInEx] Plugin [Scoopy's Variety Mod 1.0.0] targets a wrong version of BepInEx (5.4.22.0) and might not work until you update
[Info   :   BepInEx] Loading [Karma For Being Annoying Mod 1.1.0]
[Info   :Chrigi.KarmaForBeingAnnoyingMod] ________________
Karma is a bitch!
________________
[Info   :   BepInEx] Loading [MoreCompany 1.7.6]
[Info   :MoreCompany] Loading MoreCompany...
[Info   :MoreCompany] Checking: D:\SteamLibrary\steamapps\common\Lethal Company\BepInEx\plugins/MoreCompanyCosmetics
[Info   :MoreCompany] Read settings and cosmetics
[Info   :MoreCompany] Loaded cosmetic: builtin.3dglasses from bundle
[Info   :MoreCompany] Loaded cosmetic: builtin.bunnyears from bundle
[Info   :MoreCompany] Loaded cosmetic: builtin.denimhat from bundle
[Info   :MoreCompany] Loaded cosmetic: builtin.fancyglasses from bundle
[Info   :MoreCompany] Loaded cosmetic: builtin.partyglasses from bundle
[Info   :MoreCompany] Loaded cosmetic: builtin.gunholster from bundle
[Info   :MoreCompany] Loaded cosmetic: builtin.hardhat from bundle
[Info   :MoreCompany] Loaded cosmetic: builtin.jesterhat from bundle
[Info   :MoreCompany] Loaded cosmetic: builtin.kittyears from bundle
[Info   :MoreCompany] Loaded cosmetic: builtin.mimemask from bundle
[Info   :MoreCompany] Loaded cosmetic: builtin.fancypants from bundle
[Info   :MoreCompany] Loaded cosmetic: builtin.outoforder from bundle
[Info   :MoreCompany] Loaded cosmetic: builtin.partyhat from bundle
[Info   :MoreCompany] Loaded cosmetic: builtin.plaguemask from bundle
[Info   :MoreCompany] Loaded cosmetic: builtin.propellerhat from bundle
[Info   :MoreCompany] Loaded cosmetic: builtin.eyeballs from bundle
[Info   :MoreCompany] Loaded cosmetic: builtin.rudolph from bundle
[Info   :MoreCompany] Loaded cosmetic: builtin.santahat from bundle
[Info   :MoreCompany] Loaded cosmetic: builtin.slimething from bundle
[Info   :MoreCompany] Loaded cosmetic: builtin.tophat from bundle
[Info   :MoreCompany] Loaded cosmetic: builtin.watch from bundle
[Info   :MoreCompany] Loading USER COSMETICS...
[Info   :MoreCompany] Loaded MoreCompany FULLY
[Info   :   BepInEx] Loading [LethalExpansion(core) 1.3.15]
[Info   :LethalExpansion(core)] Plugin: LethalExpansion(core) (version: 1.3.15) is loading...
[Info   :LethalExpansion(core)] LethalExpansion is not present, all is well!
[Info   :LethalExpansion(core)] Plugins folder found: D:\SteamLibrary\steamapps\common\Lethal Company\BepInEx\plugins
[Info   :LethalExpansion(core)] Mod path is: D:\SteamLibrary\steamapps\common\Lethal Company\BepInEx\plugins
[Warning:LethalExpansion(core)] LethalExpansion is Rooting the Plugins folder, this is not recommended. D:\SteamLibrary\steamapps\common\Lethal Company\BepInEx\plugins
[Info   :LethalExpansion(core)] Module 'Aquatis' v1.1.1.0 was loaded in 2444ms
[Info   :LethalExpansion(core)] Module 'Celest' v0.1.0.0 was loaded in 3184ms
[Info   :LethalExpansion(core)] Module 'ExpansionAssets' v1.0.0.0 was loaded in 582ms
[Info   :LethalExpansion(core)] Module 'Orion' v1.3.0.0 was loaded in 2443ms
[Info   :LethalExpansion(core)] Water support applied to the HDRenderPipelineAsset.
[Info   :LethalExpansion(core)] Plugin: LethalExpansion(core) (version: 1.3.15) is loaded.
[Info   :   BepInEx] Loading [LethalLib 0.14.2]
[Info   : LethalLib] LethalLib loaded!!
[Info   :   BepInEx] Loading [BetterStamina 1.2.1]
[Info   :BetterStamina] BindingConfigs
[Info   :BetterStamina] BetterStamina loaded
[Info   :   BepInEx] Loading [ReservedItemSlotCore 1.8.17]
[Info   :ReservedItemSlotCore-1.8.17] BindingConfigs
[Info   :ReservedItemSlotCore-1.8.17] Cleaning old config entries
[Info   :ReservedItemSlotCore-1.8.17] ReservedItemSlotCore loaded
[Info   :   BepInEx] Loading [ReservedFlashlightSlot 1.6.3]
[Info   :ReservedFlashlightSlot-1.6.3] BindingConfigs
[Info   :ReservedFlashlightSlot-1.6.3] Cleaning old config entries
[Info   :ReservedFlashlightSlot-1.6.3] ReservedFlashlightSlot loaded
[Info   :   BepInEx] Loading [ReservedWalkieSlot 1.6.2]
[Info   :ReservedWalkieSlot-1.6.2] BindingConfigs
[Info   :ReservedWalkieSlot-1.6.2] Cleaning old config entries
[Info   :ReservedWalkieSlot-1.6.2] ReservedWalkieSlot loaded
[Info   :   BepInEx] Loading [LethalLevelLoader 1.0.3]
[Info   :LethalLevelLoader] LethalLevelLoader loaded!!
[Info   :   BepInEx] Loading [Needy Cats 1.1.1]
[Info   :Jordo.NeedyCats] Initialized Needy Cats
[Info   :   BepInEx] Loading [RuntimeNetcodeRPCValidator 0.2.5]
[Info   :   BepInEx] Loading [MoreEmotes-Sligili 1.3.3]
[Info   :MoreEmotes-Sligili] MoreEmotes loaded
[Info   :RuntimeNetcodeRPCValidator] Patched 1 ServerRPC & 1 ClientRPC on NetworkBehaviour SignEmoteText.
[Info   :RuntimeNetcodeRPCValidator] Patched 1 ServerRPC & 1 ClientRPC on NetworkBehaviour SyncAnimatorToOthers.
[Info   :RuntimeNetcodeRPCValidator] Successfully registered first patch for type PlayerControllerB.Awake | Triggered by MoreEmotes
[Info   :   BepInEx] Loading [MoreItems 1.0.2]
[Info   : MoreItems] Plugin MoreItems is loaded!
[Info   :   BepInEx] Loading [Better Item Scan 2.1.0.0]
[Info   :PopleZoo.BetterItemScan] Plugin BetterItemScan is loaded!
[Info   :   BepInEx] Loading [Helmet_Cameras 2.1.5]
[Info   :Helmet_Cameras] Plugin Helmet_Cameras is loaded with version 2.1.5!
[Info   :Helmet_Cameras] --------Helmet camera patch done.---------
[Info   :   BepInEx] Loading [Skinwalker Mod 2.0.7]
[Info   :RugbugRedfern.SkinwalkerMod] SKINWALKER MOD STARTING UP 2.0.7
[Info   :RugbugRedfern.SkinwalkerMod] VoiceEnabled_BaboonHawk VALUE LOADED FROM CONFIG: [True]
[Info   :RugbugRedfern.SkinwalkerMod] VoiceEnabled_Bracken VALUE LOADED FROM CONFIG: [True]
[Info   :RugbugRedfern.SkinwalkerMod] VoiceEnabled_BunkerSpider VALUE LOADED FROM CONFIG: [True]
[Info   :RugbugRedfern.SkinwalkerMod] VoiceEnabled_Centipede VALUE LOADED FROM CONFIG: [True]
[Info   :RugbugRedfern.SkinwalkerMod] VoiceEnabled_CoilHead VALUE LOADED FROM CONFIG: [True]
[Info   :RugbugRedfern.SkinwalkerMod] VoiceEnabled_EyelessDog VALUE LOADED FROM CONFIG: [True]
[Info   :RugbugRedfern.SkinwalkerMod] VoiceEnabled_ForestGiant VALUE LOADED FROM CONFIG: [False]
[Info   :RugbugRedfern.SkinwalkerMod] VoiceEnabled_GhostGirl VALUE LOADED FROM CONFIG: [True]
[Info   :RugbugRedfern.SkinwalkerMod] VoiceEnabled_GiantWorm VALUE LOADED FROM CONFIG: [False]
[Info   :RugbugRedfern.SkinwalkerMod] VoiceEnabled_HoardingBug VALUE LOADED FROM CONFIG: [True]
[Info   :RugbugRedfern.SkinwalkerMod] VoiceEnabled_Hygrodere VALUE LOADED FROM CONFIG: [False]
[Info   :RugbugRedfern.SkinwalkerMod] VoiceEnabled_Jester VALUE LOADED FROM CONFIG: [True]
[Info   :RugbugRedfern.SkinwalkerMod] VoiceEnabled_Masked VALUE LOADED FROM CONFIG: [True]
[Info   :RugbugRedfern.SkinwalkerMod] VoiceEnabled_Nutcracker VALUE LOADED FROM CONFIG: [True]
[Info   :RugbugRedfern.SkinwalkerMod] VoiceEnabled_SporeLizard VALUE LOADED FROM CONFIG: [True]
[Info   :RugbugRedfern.SkinwalkerMod] VoiceEnabled_Thumper VALUE LOADED FROM CONFIG: [True]
[Info   :RugbugRedfern.SkinwalkerMod] VoiceEnabled_OtherEnemies VALUE LOADED FROM CONFIG: [True]
[Info   :RugbugRedfern.SkinwalkerMod] VoiceLineFrequency VALUE LOADED FROM CONFIG: [1]
[Info   :RugbugRedfern.SkinwalkerMod] Skinwalker Mod Object Initialized
[Info   :   BepInEx] Loading [Scoopy's Variety Mod 1.0.0]
[Info   :ScoopysVarietyMod] Successfully loaded WeezerGuitar (Item)
[Info   :ScoopysVarietyMod] Successfully loaded FireAxe (Item)
[Info   :ScoopysVarietyMod] Successfully loaded CrownItem (Item)
[Info   :ScoopysVarietyMod] Custom Scrap Loaded Successfully
[Info   :ScoopysVarietyMod] Registering flow CastleFlow with:
dungeonRarity: 300
dungeonMoons: vanilla
guaranteeDungeon: False
dungeonSizeMax: 2
dungeonSizeMin:1
[Info   :ScoopysVarietyMod] Registered CastleFlow dungeon interior on all vanilla moons with rarity300.
[Info   :ScoopysVarietyMod] Registering flow SewerFlow with:
dungeonRarity: 300
dungeonMoons: vanilla
guaranteeDungeon: False
dungeonSizeMax: 2
dungeonSizeMin:1
[Info   :ScoopysVarietyMod] Registered SewerFlow dungeon interior on all vanilla moons with rarity300.
[Info   :ScoopysVarietyMod] Initialised Successfully
[Info   :   BepInEx] Loading [SCPCBDunGen 2.3.0]
[Info   :SCPCBDunGen] Registering SCP dungeon for predefined moon list.
[Info   :SCPCBDunGen] Registering SCP dungeon for moon Titan at default rarity 100
[Info   :SCPCBDunGen] Registering SCP dungeon for moon Secret Labs at default rarity 100
[Info   :SCPCBDunGen] SCP:CB DunGen for Lethal Company [Version 2.3.0] successfully loaded.
[Info   :   BepInEx] Loading [SecretLabs 1.0.0]
[Debug  :SecretLabs] Plugin SecretLabs is loaded!
[Info   :   BepInEx] Loading [Yippee tbh mod 1.2.3]
[Info   :sunnobunno.YippeeMod] sunnobunno.YippeeMod is loading.
[Info   :sunnobunno.YippeeMod] sunnobunno.YippeeMod is loaded. Yippee!!!
[Info   :   BepInEx] Loading [CoilHeadStare 1.0.5]
[Info   :TDP.CoilHeadStare] CoilHeadStare 1.0.5 loaded.
[Info   :   BepInEx] Loading [Late Company 1.0.10]
[Info   :Late Company] Late Company loaded!
[Info   :   BepInEx] Loading [WeatherMultipliers 1.1.0]
[Info   :WeatherMultipliers] Plugin WeatherMultipliers is loaded!
[Info   :   BepInEx] Loading [Mimics 2.3.2]
[Info   :    Mimics] Plugin Mimics is loaded!
[Message:   BepInEx] Chainloader startup complete
[Info   :ReservedFlashlightSlot-1.6.3] Initializing hotkeys.
[Info   :ReservedWalkieSlot-1.6.2] Initializing hotkeys.
[Info   : Unity Log] LethalLevelLoader: Finding LethalBundles!
[Info   : Unity Log] LethalLevelLoader: Loading Custom Content From Bundle: egypt.lethalbundle
[Warning: Unity Log] The referenced script on this Behaviour (Game Object '') is missing!
[Info   : Unity Log] LethalLevelLoader: Loading Custom Content From Bundle: egyptscene.lethalbundle
[Info   : Unity Log] LethalLevelLoader: Loading Custom Content From Bundle: secret labs.lethalbundle
[Info   : Unity Log] LethalLevelLoader: Loading Custom Content From Bundle: secretlabss
[Info   : Unity Log] LethalLevelLoader: Loading Custom Content From Bundle: starlancermoons.lethalbundle
[Info   : Unity Log] LethalLevelLoader: Loading Custom Content From Bundle: starlancermoonsscenes.lethalbundle
[Info   : Unity Log] LethalLevelLoader: Found Scene File For ExtendedLevel: EgyptSelectableLevel. Scene Path Is: Assets/LethalCompany/LethalCompanyMods/Egypt/Egypt.unity
[Info   : Unity Log] LethalLevelLoader: Found Scene File For ExtendedLevel: Secret Labs. Scene Path Is: Assets/Mods/secret labs/moons/Secret Labs.unity
[Info   : Unity Log] LethalLevelLoader: Found Scene File For ExtendedLevel: AuralisSelectable. Scene Path Is: Assets/Mods/Starlancer/StarlancerMoons/Scenes/AuralisScene/AuralisScene.unity
[Info   : Unity Log] LethalLevelLoader: Found Scene File For ExtendedLevel: TriskelionSelectable. Scene Path Is: Assets/Mods/Starlancer/StarlancerMoons/Scenes/triskelionscene/TriskelionScene.unity
[Info   :LethalExpansion(core)] Loading scene 'InitSceneLaunchOptions'
[Info   : Unity Log] Saving changed settings
[Info   :LethalExpansion(core)] Unloading scene: InitSceneLaunchOptions
[Info   : Unity Log] subcribing to steam callbacks
[Info   :LethalExpansion(core)] Loading scene 'InitScene'
[Info   :LethalExpansion(core)] Registered prefab 'itemshipanimcontainer' from 'LethalExpansion'
[Info   :LethalExpansion(core)] Adding missing NetworkObject to EntranceTeleport 'InteractTrigger (UnityEngine.GameObject)' to fix desync issue
[Info   :LethalExpansion(core)] Added NetworkObject with id '1174542630' to 'InteractTrigger (UnityEngine.GameObject)'
[Info   :LethalExpansion(core)] Adding missing NetworkObject to EntranceTeleport 'InteractTrigger (UnityEngine.GameObject)' to fix desync issue
[Info   :LethalExpansion(core)] Added NetworkObject with id '2710854800' to 'InteractTrigger (UnityEngine.GameObject)'
[Info   :LethalExpansion(core)] Adding missing NetworkObject to EntranceTeleport 'InteractTrigger (UnityEngine.GameObject)' to fix desync issue
[Info   :LethalExpansion(core)] Added NetworkObject with id '1823935745' to 'InteractTrigger (UnityEngine.GameObject)'
[Info   :LethalExpansion(core)] Registered moon 'Aquatis' from 'Aquatis'
[Info   :LethalExpansion(core)] Adding missing NetworkObject to EntranceTeleport 'InteractTrigger (UnityEngine.GameObject)' to fix desync issue
[Info   :LethalExpansion(core)] Added NetworkObject with id '968612898' to 'InteractTrigger (UnityEngine.GameObject)'
[Info   :LethalExpansion(core)] Adding missing NetworkObject to EntranceTeleport 'InteractTrigger (UnityEngine.GameObject)' to fix desync issue
[Info   :LethalExpansion(core)] Added NetworkObject with id '2841558049' to 'InteractTrigger (UnityEngine.GameObject)'
[Info   :LethalExpansion(core)] Adding missing NetworkObject to EntranceTeleport 'InteractTrigger (UnityEngine.GameObject)' to fix desync issue
[Info   :LethalExpansion(core)] Added NetworkObject with id '656160009' to 'InteractTrigger (UnityEngine.GameObject)'
[Info   :LethalExpansion(core)] Registered moon 'Celest' from 'Celest'
[Info   :LethalExpansion(core)] Adding missing NetworkObject to EntranceTeleport 'InteractTrigger (UnityEngine.GameObject)' to fix desync issue
[Info   :LethalExpansion(core)] Added NetworkObject with id '2353437427' to 'InteractTrigger (UnityEngine.GameObject)'
[Info   :LethalExpansion(core)] Adding missing NetworkObject to EntranceTeleport 'InteractTrigger (UnityEngine.GameObject)' to fix desync issue
[Info   :LethalExpansion(core)] Added NetworkObject with id '2034974432' to 'InteractTrigger (UnityEngine.GameObject)'
[Info   :LethalExpansion(core)] Adding missing NetworkObject to EntranceTeleport 'InteractTrigger (UnityEngine.GameObject)' to fix desync issue
[Info   :LethalExpansion(core)] Added NetworkObject with id '3022067583' to 'InteractTrigger (UnityEngine.GameObject)'
[Info   :LethalExpansion(core)] Registered moon 'Orion' from 'Orion'
[Info   : Unity Log] LethalLevelLoader: Registering Bundle Content!
[Info   : Unity Log] LethalLevelLoader: Succesfully Restored SpawnEntranceTrigger NetworkPrefab From EntranceTeleportB To EntranceTeleportB
[Info   : Unity Log] LethalLevelLoader: Succesfully Restored VentSpawner NetworkPrefab From VentEntrance To VentEntrance
[Info   : Unity Log] LethalLevelLoader: Succesfully Restored SpawnEntranceTrigger NetworkPrefab From EntranceTeleportA To EntranceTeleportA
[Info   : Unity Log] LethalLevelLoader: Registered 99 NetworkObject's Found In Custom DungeonFlow: CastleFlow
[Info   : Unity Log] LethalLevelLoader: Registered 102 NetworkObject's Found In Custom DungeonFlow: SewerFlow
[Info   : Unity Log] LethalLevelLoader: Registered 141 NetworkObject's Found In Custom DungeonFlow: SCPFlow
[Info   : Unity Log] LethalLevelLoader: Trying To Register Prefab: RoundWoodDoor (UnityEngine.GameObject)
[Info   : Unity Log] LethalLevelLoader: Trying To Register Prefab: Crown (UnityEngine.GameObject)
[Info   : Unity Log] LethalLevelLoader: Trying To Register Prefab: CellDoorFull (UnityEngine.GameObject)
[Info   : Unity Log] LethalLevelLoader: Trying To Register Prefab: SewerDoorway (UnityEngine.GameObject)
[Info   : Unity Log] LethalLevelLoader: Trying To Register Prefab: SCPDoorBtn (UnityEngine.GameObject)
[Info   : Unity Log] LethalLevelLoader: Trying To Register Prefab: 914_Controls (UnityEngine.GameObject)
[Info   : Unity Log] LethalLevelLoader: Skipped Registering 336 NetworkObjects As They Were Already Registered.
[Info   :Jordo.NeedyCats] Added Needy Cats prefab to Network Manager.
[Info   :LethalExpansion(core)] Unloading scene: InitScene
[Info   :LethalExpansion(core)] Loading scene 'MainMenu'
[Info   : Unity Log] Returning week num: 7
[Info   : Unity Log] week num: 7
[Info   : Unity Log] host button pressed
[Info   : Unity Log] Returning week num: 7
[Info   : Unity Log] Displaying menu message
[Info   : Unity Log] Added modded scene path: Egypt
[Info   : Unity Log] Added modded scene path: Secret Labs
[Info   : Unity Log] Added modded scene path: AuralisScene
[Info   : Unity Log] Added modded scene path: TriskelionScene
[Info   : Unity Log] Connection approval callback! Game version of client request: 
[Info   : Unity Log] Joining client id: 0; Local/host client id: 0
[Info   : Unity Log] Stopped connection approval callback, as the client in question was the host!
[Warning: Unity Log] [Netcode] You cannot decline the host connection. The connection was automatically approved.
[Info   : Unity Log] started host!
[Info   : Unity Log] are we in a server?: True
[Info   : Unity Log] Lobby has been created
[Warning: Unity Log] Validation check success for scene: SampleSceneRelay
[Info   :LethalExpansion(core)] Unloading scene: MainMenu
[Warning:LethalExpansion(core)] Scrap 'Battery' on moon 'Aquatis' could not be found, it has not been registered
[Warning:LethalExpansion(core)] Scrap 'CannedFood' on moon 'Aquatis' could not be found, it has not been registered
[Warning:LethalExpansion(core)] Scrap 'Matchbox' on moon 'Aquatis' could not be found, it has not been registered
[Warning:LethalExpansion(core)] Scrap 'Pills' on moon 'Aquatis' could not be found, it has not been registered
[Warning:LethalExpansion(core)] Scrap 'Tape' on moon 'Aquatis' could not be found, it has not been registered
[Info   :LethalExpansion(core)] Added moon 'Aquatis'
[Info   :LethalExpansion(core)] Added moon 'Celest'
[Warning:LethalExpansion(core)] Scrap 'Battery' on moon 'Orion' could not be found, it has not been registered
[Warning:LethalExpansion(core)] Scrap 'CannedFood' on moon 'Orion' could not be found, it has not been registered
[Warning:LethalExpansion(core)] Scrap 'Matchbox' on moon 'Orion' could not be found, it has not been registered
[Warning:LethalExpansion(core)] Scrap 'Pills' on moon 'Orion' could not be found, it has not been registered
[Warning:LethalExpansion(core)] Scrap 'Tape' on moon 'Orion' could not be found, it has not been registered
[Info   :LethalExpansion(core)] Added moon 'Orion'
[Info   :LethalExpansion(core)] Finished adding moons and scrap
[Info   :Jordo.NeedyCats] Added Needy Cats to items list.
[Info   : Unity Log] Enabling connection callbacks in StartOfRound
[Info   : Unity Log] Began listening to SceneManager_OnLoadComplete1 on this client
[Info   :RuntimeNetcodeRPCValidator] Successfully added SignEmoteText to PlayerControllerB via Awake. Triggered by plugin MoreEmotes
[Info   :RuntimeNetcodeRPCValidator] Successfully added SyncAnimatorToOthers to PlayerControllerB via Awake. Triggered by plugin MoreEmotes
[Info   :RuntimeNetcodeRPCValidator] Successfully added SignEmoteText to PlayerControllerB via Awake. Triggered by plugin MoreEmotes
[Info   :RuntimeNetcodeRPCValidator] Successfully added SyncAnimatorToOthers to PlayerControllerB via Awake. Triggered by plugin MoreEmotes
[Info   :RuntimeNetcodeRPCValidator] Successfully added SignEmoteText to PlayerControllerB via Awake. Triggered by plugin MoreEmotes
[Info   :RuntimeNetcodeRPCValidator] Successfully added SyncAnimatorToOthers to PlayerControllerB via Awake. Triggered by plugin MoreEmotes
[Info   :RuntimeNetcodeRPCValidator] Successfully added SignEmoteText to PlayerControllerB via Awake. Triggered by plugin MoreEmotes
[Info   :RuntimeNetcodeRPCValidator] Successfully added SyncAnimatorToOthers to PlayerControllerB via Awake. Triggered by plugin MoreEmotes
[Info   : LethalLib] Adding 0 unlockables to unlockables list
[Info   : LethalLib] Adding 0 items to terminal
[Info   : Unity Log] LethalLevelLoader: Adding AudioMixerGroup: Master To Vanilla Reference List!
[Info   : Unity Log] LethalLevelLoader: Adding AudioMixerGroup: SFX To Vanilla Reference List!
[Info   : Unity Log] LethalLevelLoader: Adding AudioMixerGroup: Master To Vanilla Reference List!
[Info   : Unity Log] LethalLevelLoader: Obtained (71 / 68) Vanilla Item References
[Info   : Unity Log] LethalLevelLoader: Obtained (20 / 20) Vanilla Enemy References
[Info   : Unity Log] LethalLevelLoader: Obtained (11 / 11) Vanilla Outside Object References
[Info   : Unity Log] LethalLevelLoader: Obtained (2 / 2) Vanilla Inside Object References
[Info   : Unity Log] LethalLevelLoader: Obtained (3 / 3) Vanilla Ambience Library References
[Info   : Unity Log] LethalLevelLoader: Obtained (3 / 00) Vanilla Audio Mixing Group References
[Info   : Unity Log] LethalLevelLoader: AudioMixerGroup Name: Master
[Info   : Unity Log] LethalLevelLoader: AudioMixerGroup Name: SFX
[Info   : Unity Log] LethalLevelLoader: AudioMixerGroup Name: Master
[Info   : Unity Log] LethalLevelLoader: Creating ExtendedDungeonFlows For Vanilla DungeonFlows
[Info   : Unity Log] LethalLevelLoader: Adding Dungeon Flow: Level1Flow
[Info   : Unity Log] LethalLevelLoader: Adding Dungeon Flow: Level2Flow
[Info   : Unity Log] LethalLevelLoader: Adding Dungeon Flow: Level1FlowExtraLarge
[Info   : Unity Log] LethalLevelLoader: Creating ExtendedLevels For Vanilla SelectableLevels
[Info   : Unity Log] LethalLevelLoader: Creating New Extended Level For Moon: Experimentation
[Info   : Unity Log] LethalLevelLoader: Creating New Extended Level For Moon: Assurance
[Info   : Unity Log] LethalLevelLoader: Creating New Extended Level For Moon: Vow
[Info   : Unity Log] LethalLevelLoader: Creating New Extended Level For Moon: Gordion
[Info   : Unity Log] LethalLevelLoader: Creating New Extended Level For Moon: March
[Info   : Unity Log] LethalLevelLoader: Creating New Extended Level For Moon: Rend
[Info   : Unity Log] LethalLevelLoader: Creating New Extended Level For Moon: Dine
[Info   : Unity Log] LethalLevelLoader: Creating New Extended Level For Moon: Offense
[Info   : Unity Log] LethalLevelLoader: Creating New Extended Level For Moon: Titan
[Info   : Unity Log] LethalLevelLoader: Creating New Extended Level For Moon: Aquatis
[Info   : Unity Log] LethalLevelLoader: Creating New Extended Level For Moon: Celest
[Info   : Unity Log] LethalLevelLoader: Creating New Extended Level For Moon: Orion
[Info   : Unity Log] LethalLevelLoader: Adding Dungeon Flow: CastleFlow
[Info   : Unity Log] LethalLevelLoader: Adding Dungeon Flow: SewerFlow
[Info   : Unity Log] LethalLevelLoader: Adding Dungeon Flow: SCPFlow
[Info   : Unity Log] LethalLevelLoader: Creating New Extended Level For Moon: 
[Info   : Unity Log] LethalLevelLoader: Creating New Extended Level For Moon: 
[Info   : Unity Log] LethalLevelLoader: Creating New Extended Level For Moon: 
[Info   : Unity Log] LethalLevelLoader: Creating New Extended Level For Moon: 
[Info   :LethalExpansion(core)] Loading scene 'SampleSceneRelay'
[Warning: Unity Log] NetworkVariable is written to, but doesn't know its NetworkBehaviour yet. Are you modifying a NetworkVariable before the NetworkObject is spawned?
[Warning: Unity Log] NetworkVariable is written to, but doesn't know its NetworkBehaviour yet. Are you modifying a NetworkVariable before the NetworkObject is spawned?
[Warning: Unity Log] NetworkVariable is written to, but doesn't know its NetworkBehaviour yet. Are you modifying a NetworkVariable before the NetworkObject is spawned?
[Info   :RugbugRedfern.SkinwalkerMod] HOST SENDING CONFIG TO CLIENTS
[Info   :RugbugRedfern.SkinwalkerMod] SkinwalkerNetworkManager Awake
[Info   : Unity Log] Initialized SkinwalkerNetworkManager
[Info   :RuntimeNetcodeRPCValidator] Successfully added SignEmoteText to PlayerControllerB via Awake. Triggered by plugin MoreEmotes
[Info   :RuntimeNetcodeRPCValidator] Successfully added SyncAnimatorToOthers to PlayerControllerB via Awake. Triggered by plugin MoreEmotes
[Info   :RuntimeNetcodeRPCValidator] Successfully added SignEmoteText to PlayerControllerB via Awake. Triggered by plugin MoreEmotes
[Info   :RuntimeNetcodeRPCValidator] Successfully added SyncAnimatorToOthers to PlayerControllerB via Awake. Triggered by plugin MoreEmotes
[Info   :RuntimeNetcodeRPCValidator] Successfully added SignEmoteText to PlayerControllerB via Awake. Triggered by plugin MoreEmotes
[Info   :RuntimeNetcodeRPCValidator] Successfully added SyncAnimatorToOthers to PlayerControllerB via Awake. Triggered by plugin MoreEmotes
[Info   :RuntimeNetcodeRPCValidator] Successfully added SignEmoteText to PlayerControllerB via Awake. Triggered by plugin MoreEmotes
[Info   :RuntimeNetcodeRPCValidator] Successfully added SyncAnimatorToOthers to PlayerControllerB via Awake. Triggered by plugin MoreEmotes
[Warning: Unity Log] damageTrigger is disabled! Netcode for GameObjects does not support spawning disabled NetworkBehaviours! The InteractTrigger component was skipped during spawn!
[Info   : LethalLib] Found 0 prefabs to fix
[Info   :Jordo.NeedyCats] Added Needy Cats to all levels.
[Info   : Unity Log] level id: 0
[Info   : Unity Log] Changing level
[Info   : Unity Log] Item sales percentages #0: 0
[Info   : Unity Log] Item sales percentages #1: 0
[Info   : Unity Log] Item sales percentages #2: 0
[Info   : Unity Log] Item sales percentages #3: 0
[Info   : Unity Log] Item sales percentages #4: 0
[Info   : Unity Log] Item sales percentages #5: 0
[Info   : Unity Log] Item sales percentages #6: 0
[Info   : Unity Log] Item sales percentages #7: 0
[Info   : Unity Log] Item sales percentages #8: 0
[Info   : Unity Log] Item sales percentages #9: 0
[Info   : Unity Log] Item sales percentages #10: 0
[Info   : Unity Log] Item sales percentages #11: 0
[Info   : Unity Log] Item sales percentages #12: 0
[Warning: Unity Log] NetworkVariable is written to, but doesn't know its NetworkBehaviour yet. Are you modifying a NetworkVariable before the NetworkObject is spawned?
[Info   : Unity Log] Suits: 1
[Info   : Unity Log] Suit #0: 0
[Info   : Unity Log] pos: (-2.45, 2.75, -8.41); rot: (0.00, 90.00, 0.00)
[Info   : Unity Log] Key 'shipGrabbableItems' does not exist
[Debug  :LethalExpansion(core)] Hotfix: Removing duplicated routes
[Debug  :LethalExpansion(core)] 7route duplicated route removed.
[Debug  :LethalExpansion(core)] Hotfix: 1 duplicated route(s) removed
[Info   :LethalExpansion(core)] Terminal reset.
[Info   :LethalExpansion(core)] Added terminal entry for moon 'Aquatis'
[Info   :LethalExpansion(core)] Added terminal entry for moon 'Celest'
[Info   :LethalExpansion(core)] Added terminal entry for moon 'Orion'
[Info   :LethalExpansion(core)] Finished updating terminal
[Info   : Unity Log] Item sales percentages #0: 0
[Info   : Unity Log] Item sales percentages #1: 0
[Info   : Unity Log] Item sales percentages #2: 0
[Info   : Unity Log] Item sales percentages #3: 0
[Info   : Unity Log] Item sales percentages #4: 0
[Info   : Unity Log] Item sales percentages #5: 0
[Info   : Unity Log] Item sales percentages #6: 0
[Info   : Unity Log] Item sales percentages #7: 0
[Info   : Unity Log] Item sales percentages #8: 0
[Info   : Unity Log] Item sales percentages #9: 0
[Info   : Unity Log] Item sales percentages #10: 0
[Info   : Unity Log] Item sales percentages #11: 0
[Info   : Unity Log] Item sales percentages #12: 0
[Info   : Unity Log] Group credits: 60
[Warning: Unity Log] TerminalKeyword must be instantiated using the ScriptableObject.CreateInstance method instead of new TerminalKeyword.
[Info   : Unity Log] Taking control of player Player and enabling camera!
[Info   : Unity Log] Starting voice tracking for player: didl
[Info   : Unity Log] !!!! ENABLING CAMERA FOR PLAYER: Player
[Info   : Unity Log] !!!! connectedPlayersAmount: 0
[Info   : Unity Log] [HELMET_CAMERAS] Starting coroutine...
[Info   : Unity Log] [HELMET_CAMERAS] 5 seconds for init mode... Please wait...
[Info   :RugbugRedfern.SkinwalkerMod] Audio folder not present. Don't worry about it, it will be created automatically when you play with friends. (D:/SteamLibrary/steamapps/common/Lethal Company/Lethal Company_Data\..\Dissonance_Diagnostics)
[Info   : Unity Log] Has beta?: {hasBeta}
[Info   : Unity Log] Has beta save data: True
[Warning: Unity Log] BoxColliders does not support negative scale or size.
The effective box size has been forced positive and is likely to give unexpected collision geometry.
If you absolutely need to use negative scaling you can use the convex MeshCollider. Scene hierarchy path "Environment/HangarShip/LightSwitchContainer/PlacementCollider"
[Warning: Unity Log] BoxColliders does not support negative scale or size.
The effective box size has been forced positive and is likely to give unexpected collision geometry.
If you absolutely need to use negative scaling you can use the convex MeshCollider. Scene hierarchy path "Environment/HangarShip/Cube"
[Warning: Unity Log] BoxColliders does not support negative scale or size.
The effective box size has been forced positive and is likely to give unexpected collision geometry.
If you absolutely need to use negative scaling you can use the convex MeshCollider. Scene hierarchy path "Environment/HangarShip/AnimatedShipDoor/HangarDoorLeft (1)"
[Warning: Unity Log] BoxColliders does not support negative scale or size.
The effective box size has been forced positive and is likely to give unexpected collision geometry.
If you absolutely need to use negative scaling you can use the convex MeshCollider. Scene hierarchy path "Environment/HangarShip/ShipBottomColliders/Cube (1)"
[Warning: Unity Log] BoxColliders does not support negative scale or size.
The effective box size has been forced positive and is likely to give unexpected collision geometry.
If you absolutely need to use negative scaling you can use the convex MeshCollider. Scene hierarchy path "Environment/HangarShip/ControlDesk.001"
[Warning: Unity Log] BoxColliders does not support negative scale or size.
The effective box size has been forced positive and is likely to give unexpected collision geometry.
If you absolutely need to use negative scaling you can use the convex MeshCollider. Scene hierarchy path "Environment/HangarShip/ShipBottomColliders/Cube (3)"
[Warning: Unity Log] BoxColliders does not support negative scale or size.
The effective box size has been forced positive and is likely to give unexpected collision geometry.
If you absolutely need to use negative scaling you can use the convex MeshCollider. Scene hierarchy path "Environment/HangarShip/ShipBottomColliders/Cube (7)"
[Warning: Unity Log] BoxColliders does not support negative scale or size.
The effective box size has been forced positive and is likely to give unexpected collision geometry.
If you absolutely need to use negative scaling you can use the convex MeshCollider. Scene hierarchy path "Environment/HangarShip/ShipBottomColliders/Cube (6)"
[Warning: Unity Log] BoxColliders does not support negative scale or size.
The effective box size has been forced positive and is likely to give unexpected collision geometry.
If you absolutely need to use negative scaling you can use the convex MeshCollider. Scene hierarchy path "Environment/HangarShip/ShipBottomColliders/Cube (8)"
[Warning: Unity Log] BoxColliders does not support negative scale or size.
The effective box size has been forced positive and is likely to give unexpected collision geometry.
If you absolutely need to use negative scaling you can use the convex MeshCollider. Scene hierarchy path "Environment/HangarShip/ShipBottomColliders/Cube (5)"
[Warning: Unity Log] BoxColliders does not support negative scale or size.
The effective box size has been forced positive and is likely to give unexpected collision geometry.
If you absolutely need to use negative scaling you can use the convex MeshCollider. Scene hierarchy path "Environment/HangarShip/ShipBottomColliders/Cube (4)"
[Warning: Unity Log] BoxColliders does not support negative scale or size.
The effective box size has been forced positive and is likely to give unexpected collision geometry.
If you absolutely need to use negative scaling you can use the convex MeshCollider. Scene hierarchy path "Environment/HangarShip/StorageCloset/Cube.000/Cube"
[Info   :ReservedItemSlotCore-1.8.17] Finalizing sync with server. New hotbar size: 6
[Info   :ReservedItemSlotCore-1.8.17] Adding 2 reserved item slots to the inventory HUD. Previous inventory HUD size: 4
[Info   :ReservedItemSlotCore-1.8.17] Adding Reserved item slot for item types [Pro-flashlight]. Inventory index: 4
[Info   :ReservedItemSlotCore-1.8.17] Adding Reserved item slot for item types [Walkie-talkie]. Inventory index: 5
[Warning: Unity Log] Parent of RectTransform is being set with parent property. Consider using the SetParent method instead, with the worldPositionStays argument set to false. This will retain local orientation and scale rather than world orientation and scale, which can prevent common UI scaling issues.
[Info   :ReservedItemSlotCore-1.8.17] Finished adding 2 Reserved Item slots in the inventory HUD.
[Info   : Unity Log] [HELMET_CAMERAS] Ship camera founded...
[Info   : Unity Log] [HELMET_CAMERAS] Monitors were changed...
[Info   : Unity Log] [HELMET_CAMERAS] Turning off vanilla internal ship camera
[Info   : Unity Log] Set interminalmenu to true: True
[Error  : Unity Log] Trying to add Caret (TMPro.TMP_SelectionCaret) for graphic rebuild while we are already inside a graphic rebuild loop. This is not supported.
[Info   : Unity Log] PLAYER OPENED MENU
[Info   : Unity Log] In terminal menu: True
[Info   : Unity Log] Calling stop animation function StopUsing server rpc for player: 0
[Info   : Unity Log] STOPPING SPECIAL ANIMATION ON LOCAL CLIENT; player who was using: didl
[Info   : Unity Log] Quit terminal; inTerminalMenu true?: {playerScript.inTerminalMenu}
[Info   :RugbugRedfern.SkinwalkerMod] Audio folder not present. Don't worry about it, it will be created automatically when you play with friends. (D:/SteamLibrary/steamapps/common/Lethal Company/Lethal Company_Data\..\Dissonance_Diagnostics)
[Info   :ReservedItemSlotCore-1.8.17] Focusing reserved hotbar slots. NewIndex: 4 OldIndex: 0 ReservedStartIndex: 4
[Info   :ReservedItemSlotCore-1.8.17] Sending OnSwapReservedHotbar update to server. Hotbar slot: 4
[Info   :ReservedItemSlotCore-1.8.17] Receiving OnSwapReservedHotbar update from client. ClientId: 0 Slot: 4
[Info   :ReservedItemSlotCore-1.8.17] Receiving OnSwapReservedHotbar update from client. ClientId: 0 Slot: 4
[Info   :ReservedItemSlotCore-1.8.17] Unfocusing reserved hotbar slots. NewIndex: 0 OldIndex: 4 ReservedStartIndex: 4
[Info   :ReservedItemSlotCore-1.8.17] Sending OnSwapReservedHotbar update to server. Hotbar slot: 0
[Info   :ReservedItemSlotCore-1.8.17] Receiving OnSwapReservedHotbar update from client. ClientId: 0 Slot: 0
[Info   :ReservedItemSlotCore-1.8.17] Receiving OnSwapReservedHotbar update from client. ClientId: 0 Slot: 0
[Info   :RugbugRedfern.SkinwalkerMod] Audio folder not present. Don't worry about it, it will be created automatically when you play with friends. (D:/SteamLibrary/steamapps/common/Lethal Company/Lethal Company_Data\..\Dissonance_Diagnostics)
[Info   :RugbugRedfern.SkinwalkerMod] Audio folder not present. Don't worry about it, it will be created automatically when you play with friends. (D:/SteamLibrary/steamapps/common/Lethal Company/Lethal Company_Data\..\Dissonance_Diagnostics)
[Info   : Unity Log] Set interminalmenu to true: True
[Info   :RugbugRedfern.SkinwalkerMod] Audio folder not present. Don't worry about it, it will be created automatically when you play with friends. (D:/SteamLibrary/steamapps/common/Lethal Company/Lethal Company_Data\..\Dissonance_Diagnostics)
[Info   : Unity Log] PLAYER OPENED MENU
[Info   : Unity Log] In terminal menu: True
[Info   : Unity Log] Calling stop animation function StopUsing server rpc for player: 0
[Info   : Unity Log] STOPPING SPECIAL ANIMATION ON LOCAL CLIENT; player who was using: didl
[Info   : Unity Log] Quit terminal; inTerminalMenu true?: {playerScript.inTerminalMenu}
[Info   : Unity Log] PLAYER OPENED MENU
[Info   : Unity Log] In terminal menu: False
[Info   :RugbugRedfern.SkinwalkerMod] Audio folder not present. Don't worry about it, it will be created automatically when you play with friends. (D:/SteamLibrary/steamapps/common/Lethal Company/Lethal Company_Data\..\Dissonance_Diagnostics)
[Info   : Unity Log] PLAYER OPENED MENU
[Info   : Unity Log] In terminal menu: False
[Info   :ReservedItemSlotCore-1.8.17] Focusing reserved hotbar slots. NewIndex: 4 OldIndex: 0 ReservedStartIndex: 4
[Info   :ReservedItemSlotCore-1.8.17] Sending OnSwapReservedHotbar update to server. Hotbar slot: 4
[Info   :ReservedItemSlotCore-1.8.17] Receiving OnSwapReservedHotbar update from client. ClientId: 0 Slot: 4
[Info   :ReservedItemSlotCore-1.8.17] Receiving OnSwapReservedHotbar update from client. ClientId: 0 Slot: 4
[Info   :ReservedItemSlotCore-1.8.17] Unfocusing reserved hotbar slots. NewIndex: 0 OldIndex: 4 ReservedStartIndex: 4
[Info   :ReservedItemSlotCore-1.8.17] Sending OnSwapReservedHotbar update to server. Hotbar slot: 0
[Info   :ReservedItemSlotCore-1.8.17] Receiving OnSwapReservedHotbar update from client. ClientId: 0 Slot: 0
[Info   :ReservedItemSlotCore-1.8.17] Receiving OnSwapReservedHotbar update from client. ClientId: 0 Slot: 0
[Info   :RugbugRedfern.SkinwalkerMod] Audio folder not present. Don't worry about it, it will be created automatically when you play with friends. (D:/SteamLibrary/steamapps/common/Lethal Company/Lethal Company_Data\..\Dissonance_Diagnostics)
[Info   :RugbugRedfern.SkinwalkerMod] Audio folder not present. Don't worry about it, it will be created automatically when you play with friends. (D:/SteamLibrary/steamapps/common/Lethal Company/Lethal Company_Data\..\Dissonance_Diagnostics)
[Info   :RugbugRedfern.SkinwalkerMod] Audio folder not present. Don't worry about it, it will be created automatically when you play with friends. (D:/SteamLibrary/steamapps/common/Lethal Company/Lethal Company_Data\..\Dissonance_Diagnostics)
[Info   :RugbugRedfern.SkinwalkerMod] Audio folder not present. Don't worry about it, it will be created automatically when you play with friends. (D:/SteamLibrary/steamapps/common/Lethal Company/Lethal Company_Data\..\Dissonance_Diagnostics)
[Info   :RugbugRedfern.SkinwalkerMod] Audio folder not present. Don't worry about it, it will be created automatically when you play with friends. (D:/SteamLibrary/steamapps/common/Lethal Company/Lethal Company_Data\..\Dissonance_Diagnostics)
[Info   :RugbugRedfern.SkinwalkerMod] Audio folder not present. Don't worry about it, it will be created automatically when you play with friends. (D:/SteamLibrary/steamapps/common/Lethal Company/Lethal Company_Data\..\Dissonance_Diagnostics)
[Info   :RugbugRedfern.SkinwalkerMod] Audio folder not present. Don't worry about it, it will be created automatically when you play with friends. (D:/SteamLibrary/steamapps/common/Lethal Company/Lethal Company_Data\..\Dissonance_Diagnostics)
[Info   :RugbugRedfern.SkinwalkerMod] Audio folder not present. Don't worry about it, it will be created automatically when you play with friends. (D:/SteamLibrary/steamapps/common/Lethal Company/Lethal Company_Data\..\Dissonance_Diagnostics)
[Info   :RugbugRedfern.SkinwalkerMod] Audio folder not present. Don't worry about it, it will be created automatically when you play with friends. (D:/SteamLibrary/steamapps/common/Lethal Company/Lethal Company_Data\..\Dissonance_Diagnostics)
[Info   :RugbugRedfern.SkinwalkerMod] Audio folder not present. Don't worry about it, it will be created automatically when you play with friends. (D:/SteamLibrary/steamapps/common/Lethal Company/Lethal Company_Data\..\Dissonance_Diagnostics)
[Info   :RugbugRedfern.SkinwalkerMod] Audio folder not present. Don't worry about it, it will be created automatically when you play with friends. (D:/SteamLibrary/steamapps/common/Lethal Company/Lethal Company_Data\..\Dissonance_Diagnostics)
[Info   :RugbugRedfern.SkinwalkerMod] Audio folder not present. Don't worry about it, it will be created automatically when you play with friends. (D:/SteamLibrary/steamapps/common/Lethal Company/Lethal Company_Data\..\Dissonance_Diagnostics)
[Info   :RugbugRedfern.SkinwalkerMod] Audio folder not present. Don't worry about it, it will be created automatically when you play with friends. (D:/SteamLibrary/steamapps/common/Lethal Company/Lethal Company_Data\..\Dissonance_Diagnostics)
[Info   :RugbugRedfern.SkinwalkerMod] Audio folder not present. Don't worry about it, it will be created automatically when you play with friends. (D:/SteamLibrary/steamapps/common/Lethal Company/Lethal Company_Data\..\Dissonance_Diagnostics)
[Info   :RugbugRedfern.SkinwalkerMod] Audio folder not present. Don't worry about it, it will be created automatically when you play with friends. (D:/SteamLibrary/steamapps/common/Lethal Company/Lethal Company_Data\..\Dissonance_Diagnostics)
[Info   :RugbugRedfern.SkinwalkerMod] Audio folder not present. Don't worry about it, it will be created automatically when you play with friends. (D:/SteamLibrary/steamapps/common/Lethal Company/Lethal Company_Data\..\Dissonance_Diagnostics)
[Info   :RugbugRedfern.SkinwalkerMod] Audio folder not present. Don't worry about it, it will be created automatically when you play with friends. (D:/SteamLibrary/steamapps/common/Lethal Company/Lethal Company_Data\..\Dissonance_Diagnostics)
[Info   :RugbugRedfern.SkinwalkerMod] Audio folder not present. Don't worry about it, it will be created automatically when you play with friends. (D:/SteamLibrary/steamapps/common/Lethal Company/Lethal Company_Data\..\Dissonance_Diagnostics)
[Info   :RugbugRedfern.SkinwalkerMod] Audio folder not present. Don't worry about it, it will be created automatically when you play with friends. (D:/SteamLibrary/steamapps/common/Lethal Company/Lethal Company_Data\..\Dissonance_Diagnostics)
[Info   :RugbugRedfern.SkinwalkerMod] Audio folder not present. Don't worry about it, it will be created automatically when you play with friends. (D:/SteamLibrary/steamapps/common/Lethal Company/Lethal Company_Data\..\Dissonance_Diagnostics)
[Info   :RugbugRedfern.SkinwalkerMod] Audio folder not present. Don't worry about it, it will be created automatically when you play with friends. (D:/SteamLibrary/steamapps/common/Lethal Company/Lethal Company_Data\..\Dissonance_Diagnostics)
[Info   :ReservedItemSlotCore-1.8.17] Focusing reserved hotbar slots. NewIndex: 4 OldIndex: 0 ReservedStartIndex: 4
[Info   :ReservedItemSlotCore-1.8.17] Sending OnSwapReservedHotbar update to server. Hotbar slot: 4
[Info   :ReservedItemSlotCore-1.8.17] Receiving OnSwapReservedHotbar update from client. ClientId: 0 Slot: 4
[Info   :ReservedItemSlotCore-1.8.17] Receiving OnSwapReservedHotbar update from client. ClientId: 0 Slot: 4
[Info   :ReservedItemSlotCore-1.8.17] Unfocusing reserved hotbar slots. NewIndex: 0 OldIndex: 4 ReservedStartIndex: 4
[Info   :ReservedItemSlotCore-1.8.17] Sending OnSwapReservedHotbar update to server. Hotbar slot: 0
[Info   :ReservedItemSlotCore-1.8.17] Receiving OnSwapReservedHotbar update from client. ClientId: 0 Slot: 0
[Info   :ReservedItemSlotCore-1.8.17] Receiving OnSwapReservedHotbar update from client. ClientId: 0 Slot: 0
[Info   :RugbugRedfern.SkinwalkerMod] Audio folder not present. Don't worry about it, it will be created automatically when you play with friends. (D:/SteamLibrary/steamapps/common/Lethal Company/Lethal Company_Data\..\Dissonance_Diagnostics)
[Info   :RugbugRedfern.SkinwalkerMod] Audio folder not present. Don't worry about it, it will be created automatically when you play with friends. (D:/SteamLibrary/steamapps/common/Lethal Company/Lethal Company_Data\..\Dissonance_Diagnostics)
[Info   :RugbugRedfern.SkinwalkerMod] Audio folder not present. Don't worry about it, it will be created automatically when you play with friends. (D:/SteamLibrary/steamapps/common/Lethal Company/Lethal Company_Data\..\Dissonance_Diagnostics)
[Info   :RugbugRedfern.SkinwalkerMod] Audio folder not present. Don't worry about it, it will be created automatically when you play with friends. (D:/SteamLibrary/steamapps/common/Lethal Company/Lethal Company_Data\..\Dissonance_Diagnostics)
[Info   :RugbugRedfern.SkinwalkerMod] Audio folder not present. Don't worry about it, it will be created automatically when you play with friends. (D:/SteamLibrary/steamapps/common/Lethal Company/Lethal Company_Data\..\Dissonance_Diagnostics)
[Info   :RugbugRedfern.SkinwalkerMod] Audio folder not present. Don't worry about it, it will be created automatically when you play with friends. (D:/SteamLibrary/steamapps/common/Lethal Company/Lethal Company_Data\..\Dissonance_Diagnostics)
[Info   :RugbugRedfern.SkinwalkerMod] Audio folder not present. Don't worry about it, it will be created automatically when you play with friends. (D:/SteamLibrary/steamapps/common/Lethal Company/Lethal Company_Data\..\Dissonance_Diagnostics)
[Info   :RugbugRedfern.SkinwalkerMod] Audio folder not present. Don't worry about it, it will be created automatically when you play with friends. (D:/SteamLibrary/steamapps/common/Lethal Company/Lethal Company_Data\..\Dissonance_Diagnostics)
[Info   :RugbugRedfern.SkinwalkerMod] Audio folder not present. Don't worry about it, it will be created automatically when you play with friends. (D:/SteamLibrary/steamapps/common/Lethal Company/Lethal Company_Data\..\Dissonance_Diagnostics)
[Info   :RugbugRedfern.SkinwalkerMod] Audio folder not present. Don't worry about it, it will be created automatically when you play with friends. (D:/SteamLibrary/steamapps/common/Lethal Company/Lethal Company_Data\..\Dissonance_Diagnostics)
[Info   :RugbugRedfern.SkinwalkerMod] Audio folder not present. Don't worry about it, it will be created automatically when you play with friends. (D:/SteamLibrary/steamapps/common/Lethal Company/Lethal Company_Data\..\Dissonance_Diagnostics)
[Info   :RugbugRedfern.SkinwalkerMod] Audio folder not present. Don't worry about it, it will be created automatically when you play with friends. (D:/SteamLibrary/steamapps/common/Lethal Company/Lethal Company_Data\..\Dissonance_Diagnostics)
[Info   :RugbugRedfern.SkinwalkerMod] Audio folder not present. Don't worry about it, it will be created automatically when you play with friends. (D:/SteamLibrary/steamapps/common/Lethal Company/Lethal Company_Data\..\Dissonance_Diagnostics)
[Info   :RugbugRedfern.SkinwalkerMod] Audio folder not present. Don't worry about it, it will be created automatically when you play with friends. (D:/SteamLibrary/steamapps/common/Lethal Company/Lethal Company_Data\..\Dissonance_Diagnostics)
[Info   :RugbugRedfern.SkinwalkerMod] Audio folder not present. Don't worry about it, it will be created automatically when you play with friends. (D:/SteamLibrary/steamapps/common/Lethal Company/Lethal Company_Data\..\Dissonance_Diagnostics)
[Info   :RugbugRedfern.SkinwalkerMod] Audio folder not present. Don't worry about it, it will be created automatically when you play with friends. (D:/SteamLibrary/steamapps/common/Lethal Company/Lethal Company_Data\..\Dissonance_Diagnostics)
[Info   :RugbugRedfern.SkinwalkerMod] Audio folder not present. Don't worry about it, it will be created automatically when you play with friends. (D:/SteamLibrary/steamapps/common/Lethal Company/Lethal Company_Data\..\Dissonance_Diagnostics)
[Info   :RugbugRedfern.SkinwalkerMod] Audio folder not present. Don't worry about it, it will be created automatically when you play with friends. (D:/SteamLibrary/steamapps/common/Lethal Company/Lethal Company_Data\..\Dissonance_Diagnostics)
[Info   :RugbugRedfern.SkinwalkerMod] Audio folder not present. Don't worry about it, it will be created automatically when you play with friends. (D:/SteamLibrary/steamapps/common/Lethal Company/Lethal Company_Data\..\Dissonance_Diagnostics)
[Info   :RugbugRedfern.SkinwalkerMod] Audio folder not present. Don't worry about it, it will be created automatically when you play with friends. (D:/SteamLibrary/steamapps/common/Lethal Company/Lethal Company_Data\..\Dissonance_Diagnostics)
[Info   :RugbugRedfern.SkinwalkerMod] Audio folder not present. Don't worry about it, it will be created automatically when you play with friends. (D:/SteamLibrary/steamapps/common/Lethal Company/Lethal Company_Data\..\Dissonance_Diagnostics)
[Info   :RugbugRedfern.SkinwalkerMod] Audio folder not present. Don't worry about it, it will be created automatically when you play with friends. (D:/SteamLibrary/steamapps/common/Lethal Company/Lethal Company_Data\..\Dissonance_Diagnostics)
[Info   :RugbugRedfern.SkinwalkerMod] Audio folder not present. Don't worry about it, it will be created automatically when you play with friends. (D:/SteamLibrary/steamapps/common/Lethal Company/Lethal Company_Data\..\Dissonance_Diagnostics)
[Info   :RugbugRedfern.SkinwalkerMod] Audio folder not present. Don't worry about it, it will be created automatically when you play with friends. (D:/SteamLibrary/steamapps/common/Lethal Company/Lethal Company_Data\..\Dissonance_Diagnostics)
[Info   : Unity Log] PLAYER OPENED MENU
[Info   : Unity Log] In terminal menu: False
[Info   :RugbugRedfern.SkinwalkerMod] Audio folder not present. Don't worry about it, it will be created automatically when you play with friends. (D:/SteamLibrary/steamapps/common/Lethal Company/Lethal Company_Data\..\Dissonance_Diagnostics)
[Info   : Unity Log] Leaving current lobby
[Info   : Unity Log] Disconnecting and setting networkobjects to destroy with owner
[Info   : MoreItems] Maximum amount of items that can be saved set to 999 just before saving.
[Info   : Unity Log] Got no ship grabbable items to save.
[Info   : Unity Log] Shutting down and disconnecting from server. Is host?: True
[Info   : Unity Log] Resetting unlockables list!
[Info   : Unity Log] Scene manager is null
[Info   :RugbugRedfern.SkinwalkerMod] SkinwalkerNetworkManager OnDestroy
[Info   : Unity Log] Terminal disabled, disabling ESC key listener
[Info   : Unity Log] DISABLING connection callbacks in round manager
[Info   :LethalExpansion(core)] Unloading scene: SampleSceneRelay
[Info   :LethalExpansion(core)] Loading scene 'MainMenu'
[Info   : Unity Log] Returning week num: 7
[Info   : Unity Log] week num: 7
